<?xml version="1.0" encoding="UTF-8"?>
<!-- Generated by org.testng.reporters.JUnitReportReporter -->
<testsuite hostname="LAPTOP-LA6NMLRJ" failures="0" tests="2" name="qaclickacademy.AppiumTest" time="0.004" errors="0" timestamp="2020-09-13T20:13:02 IST" skipped="0">
  <testcase classname="qaclickacademy.AppiumTest" name="mobile" time="0.000"/>
  <system-out/>
  <testcase classname="qaclickacademy.AppiumTest" name="appiumauto" time="0.004"/>
  <system-out/>
</testsuite> <!-- qaclickacademy.AppiumTest -->
