<?xml version="1.0" encoding="UTF-8"?>
<!-- Generated by org.testng.reporters.JUnitReportReporter -->
<testsuite hostname="LAPTOP-LA6NMLRJ" failures="0" tests="2" name="qaclickacademy.RestApiTest" time="0.002" errors="0" timestamp="2020-09-13T20:12:48 IST" skipped="0">
  <testcase classname="qaclickacademy.RestApiTest" name="postman" time="0.001"/>
  <system-out/>
  <testcase classname="qaclickacademy.RestApiTest" name="restapiauto" time="0.001"/>
  <system-out/>
</testsuite> <!-- qaclickacademy.RestApiTest -->
