<?xml version="1.0" encoding="UTF-8"?>
<!-- Generated by org.testng.reporters.JUnitReportReporter -->
<testsuite hostname="LAPTOP-LA6NMLRJ" failures="0" tests="2" name="qaclickacademy.SeleniumTest" time="0.000" errors="0" timestamp="2020-09-13T20:13:02 IST" skipped="0">
  <testcase classname="qaclickacademy.SeleniumTest" name="selauto" time="0.000"/>
  <system-out/>
  <testcase classname="qaclickacademy.SeleniumTest" name="jirapost" time="0.000"/>
  <system-out/>
</testsuite> <!-- qaclickacademy.SeleniumTest -->
